=~=~=~=~=~=~=~=~=~=~=~= PuTTY log 2022.09.30 17:18:00 =~=~=~=~=~=~=~=~=~=~=~=


[1;32muart:~$ [m[8D[J[00:00:00.017,913] [0m<inf> modem_hl7800: Modem Reset[0m
[1;32muart:~$ [m[8D[J[00:00:00.018,035] [0m<inf> modem_hl7800: Sleep State: ASLEEP[0m
[1;32muart:~$ [m[8D[J[00:00:00.067,993] [0m<inf> modem_hl7800: Sleep State: UNINITIALIZED[0m
[1;32muart:~$ [m[8D[J[00:00:00.068,023] [0m<inf> modem_hl7800: Network State: 0 NOT_REGISTERED[0m
[1;32muart:~$ [m[8D[J[00:00:00.068,054] [0m<inf> modem_hl7800: Startup State: UNKNOWN[0m
[1;32muart:~$ [m[8D[J[00:00:00.068,054] [0m<inf> modem_hl7800: FOTA state: IDLE->IDLE[0m
[1;32muart:~$ [m[8D[J[00:00:00.068,084] [0m<inf> modem_hl7800: Modem Run[0m
[1;32muart:~$ [m[8D[J[00:00:00.078,155] [0m<dbg> modem_hl7800: modem_boot_handler: Initialization[0m
[1;32muart:~$ [m[8D[J[1;32muart:~$ [m[8D[J[00:00:03.106,872] [0m<dbg> modem_hl7800: hl7800_rx: HANDLE +KSUP:  (len:1)[0m
[1;32muart:~$ [m[8D[J[00:00:03.106,933] [0m<inf> modem_hl7800: Startup State: READY[0m
[1;32muart:~$ [m[8D[J[00:00:03.106,933] [0m<inf> modem_hl7800: Sleep State: AWAKE[0m
[1;32muart:~$ [m[8D[J[00:00:03.107,025] [0m<inf> modem_hl7800: Modem booted![0m
[1;32muart:~$ [m[8D[J[00:00:03.107,055] [0m<dbg> modem_hl7800: send_at_cmd: OUT: [AT+CEREG=0][0m
[1;32muart:~$ [m[8D[J[00:00:03.307,800] [0m<dbg> modem_hl7800: hl7800_rx: HANDLE OK (len:0)[0m
[1;32muart:~$ [m[8D[J[00:00:03.307,891] [0m<dbg> modem_hl7800: send_at_cmd: OUT: [AT&V][0m
[1;32muart:~$ [m[8D[J[00:00:03.343,292] [0m<dbg> modem_hl7800: hl7800_rx: HANDLE ACTIVE PROFILE: (len:0)[0m
[1;32muart:~$ [m[8D[J[00:00:03.343,322] [0m<dbg> modem_hl7800: wait_for_modem_data: cur:0, exp:64[0m
[1;32muart:~$ [m[8D[J[00:00:03.393,585] [0m<dbg> modem_hl7800: profile_handler: length: 61: E0 Q0 V1 X4 &C1 &D1 &R1 &S0 +IFC=2,2 &K3 +IPR=115200 +FCLASS0[0m
[1;32muart:~$ [m[8D[J[00:00:03.393,615] [0m<dbg> modem_hl7800: profile_handler: echo: 0[0m
[1;32muart:~$ [m[8D[J[00:00:03.393,707] [0m<dbg> modem_hl7800: hl7800_rx: HANDLE STORED PROFILE 0: (len:0)[0m
[1;32muart:~$ [m[8D[J[00:00:03.393,798] [0m<dbg> modem_hl7800: profile_handler: length: 61: E0 Q0 V1 X4 &C1 &D1 &R1 &S0 +IFC=2,2 &K3 +IPR=115200 +FCLASS0[0m
[1;32muart:~$ [m[8D[J[00:00:03.393,798] [0m<dbg> modem_hl7800: profile_handler: echo: 0[0m
[1;32muart:~$ [m[8D[J[00:00:03.393,890] [0m<dbg> modem_hl7800: hl7800_rx: HANDLE STORED PROFILE 1: (len:0)[0m
[1;32muart:~$ [m[8D[J[00:00:03.393,981] [0m<dbg> modem_hl7800: profile_handler: length: 61: E1 Q0 V1 X4 &C1 &D1 &R1 &S0 +IFC=2,2 &K3 +IPR=115200 +FCLASS0[0m
[1;32muart:~$ [m[8D[J[00:00:03.393,981] [0m<dbg> modem_hl7800: profile_handler: echo: 1[0m
[1;32muart:~$ [m[8D[J[00:00:03.394,012] [0m<dbg> modem_hl7800: wait_for_modem_data: cur:59, exp:66[0m
[1;32muart:~$ [m[8D[J[00:00:03.444,091] [0m<dbg> modem_hl7800: wait_for_modem_data: cur:59, exp:66[0m
[1;32muart:~$ [m[8D[J[1;32muart:~$ [m[8D[J[1;32muart:~$ [m[8D[J[00:00:03.494,201] [0m<dbg> modem_hl7800: wait_for_modem_data: cur:59, exp:66[0m
[1;32muart:~$ [m[8D[J[00:00:03.544,403] [0m<dbg> modem_hl7800: hl7800_rx: HANDLE OK (len:0)[0m
[1;32muart:~$ [m[8D[J[00:00:03.544,494] [0m<dbg> modem_hl7800: send_at_cmd: OUT: [AT+CMEE=1][0m
[1;32muart:~$ [m[8D[J[00:00:03.549,163] [0m<dbg> modem_hl7800: hl7800_rx: HANDLE OK (len:0)[0m
[1;32muart:~$ [m[8D[J[00:00:03.549,285] [0m<dbg> modem_hl7800: send_at_cmd: OUT: [AT+CGMR][0m
[1;32muart:~$ [m[8D[J[00:00:03.554,382] [0m<dbg> modem_hl7800: hl7800_rx: HANDLE AT+CGMR (len:14)[0m
[1;32muart:~$ [m[8D[J[00:00:03.554,412] [0m<dbg> modem_hl7800: wait_for_modem_data: cur:15, exp:31[0m
[1;32muart:~$ [m[8D[J[00:00:03.604,492] [0m<dbg> modem_hl7800: wait_for_modem_data: cur:22, exp:31[0m
[1;32muart:~$ [m[8D[J[00:00:03.654,571] [0m<dbg> modem_hl7800: wait_for_modem_data: cur:22, exp:31[0m
[1;32muart:~$ [m[8D[J[00:00:03.704,650] [0m<inf> modem_hl7800: Revision: HL7800.4.6.9.4[0m
[1;32muart:~$ [m[8D[J[00:00:03.704,742] [0m<dbg> modem_hl7800: hl7800_rx: HANDLE OK (len:0)[0m
[1;32muart:~$ [m[8D[J[00:00:03.704,833] [0m<dbg> modem_hl7800: send_at_cmd: OUT: [AT+KSRAT?][0m
[1;32muart:~$ [m[8D[J[00:00:03.708,221] [0m<dbg> modem_hl7800: hl7800_rx: HANDLE +KSRAT:  (len:1)[0m
[1;32muart:~$ [m[8D[J[00:00:03.708,251] [0m<inf> modem_hl7800: +KSRAT: 0[0m
[1;32muart:~$ [m[8D[J[00:00:03.708,770] [0m<dbg> modem_hl7800: hl7800_rx: HANDLE OK (len:0)[0m
[1;32muart:~$ [m[8D[J[00:00:03.708,862] [0m<dbg> modem_hl7800: send_at_cmd: OUT: [AT+KBNDCFG?][0m
[1;32muart:~$ [m[8D[J[00:00:03.730,010] [0m<dbg> modem_hl7800: hl7800_rx: HANDLE +KBNDCFG:  (len:22)[0m
[1;32muart:~$ [m[8D[J[00:00:03.730,041] [0m<inf> modem_hl7800: Current band configuration: 0000 00000000 0808189f[0m
[1;32muart:~$ [m[8D[J[00:00:03.732,971] [0m<dbg> modem_hl7800: hl7800_rx: HANDLE +KBNDCFG:  (len:22)[0m
[1;32muart:~$ [m[8D[J[00:00:03.734,283] [0m<dbg> modem_hl7800: hl7800_rx: HANDLE +KBNDCFG:  (len:3)[0m
[1;32muart:~$ [m[8D[J[00:00:03.734,771] [0m<dbg> modem_hl7800: hl7800_rx: HANDLE OK (len:0)[0m
[1;32muart:~$ [m[8D[J[00:00:03.734,893] [0m<dbg> modem_hl7800: send_at_cmd: OUT: [AT+KSLEEP=2][0m
[1;32muart:~$ [m[8D[J[00:00:03.738,037] [0m<dbg> modem_hl7800: hl7800_rx: HANDLE OK (len:0)[0m
[1;32muart:~$ [m[8D[J[00:00:03.738,159] [0m<dbg> modem_hl7800: send_at_cmd: OUT: [AT+CPSMS=0][0m
[1;32muart:~$ [m[8D[J[00:00:03.745,422] [0m<dbg> modem_hl7800: hl7800_rx: HANDLE OK (len:0)[0m
[1;32muart:~$ [m[8D[J[00:00:03.745,544] [0m<dbg> modem_hl7800: send_at_cmd: OUT: [AT+CEDRXS=0][0m
[1;32muart:~$ [m[8D[J[00:00:03.750,274] [0m<dbg> modem_hl7800: hl7800_rx: HANDLE OK (len:0)[0m
[1;32muart:~$ [m[8D[J[00:00:03.750,396] [0m<dbg> modem_hl7800: send_at_cmd: OUT: [AT+CGMI][0m
[1;32muart:~$ [m[8D[J[00:00:03.754,180] [0m<dbg> modem_hl7800: hl7800_rx: HANDLE AT+CGMI (len:15)[0m
[1;32muart:~$ [m[8D[J[00:00:03.754,211] [0m<dbg> modem_hl7800: wait_for_modem_data: cur:16, exp:18[0m
[1;32muart:~$ [m[8D[J[00:00:03.804,321] [0m<inf> modem_hl7800: Manufacturer: Sierra Wireless[0m
[1;32muart:~$ [m[8D[J[00:00:03.804,412] [0m<dbg> modem_hl7800: hl7800_rx: HANDLE OK (len:0)[0m
[1;32muart:~$ [m[8D[J[00:00:03.804,504] [0m<dbg> modem_hl7800: send_at_cmd: OUT: [AT+CGMM][0m
[1;32muart:~$ [m[8D[J[00:00:03.807,159] [0m<dbg> modem_hl7800: hl7800_rx: HANDLE AT+CGMM (len:6)[0m
[1;32muart:~$ [m[8D[J[00:00:03.807,189] [0m<dbg> modem_hl7800: wait_for_modem_data: cur:7, exp:9[0m
[1;32muart:~$ [m[8D[J[00:00:03.857,299] [0m<inf> modem_hl7800: Model: HL7800[0m
[1;32muart:~$ [m[8D[J[00:00:03.857,391] [0m<dbg> modem_hl7800: hl7800_rx: HANDLE OK (len:0)[0m
[1;32muart:~$ [m[8D[J[00:00:03.857,482] [0m<dbg> modem_hl7800: send_at_cmd: OUT: [AT+CGSN][0m
[1;32muart:~$ [m[8D[J[00:00:03.861,114] [0m<dbg> modem_hl7800: hl7800_rx: HANDLE AT+CGSN (len:15)[0m
[1;32muart:~$ [m[8D[J[00:00:03.861,145] [0m<dbg> modem_hl7800: wait_for_modem_data: cur:16, exp:18[0m
[1;32muart:~$ [m[8D[J[00:00:03.911,254] [0m<inf> modem_hl7800: IMEI: 354616090680666[0m
[1;32muart:~$ [m[8D[J[00:00:03.911,346] [0m<dbg> modem_hl7800: hl7800_rx: HANDLE OK (len:0)[0m
[1;32muart:~$ [m[8D[J[00:00:03.911,437] [0m<dbg> modem_hl7800: send_at_cmd: OUT: [AT+KGSN=3][0m
[1;32muart:~$ [m[8D[J[00:00:03.915,557] [0m<dbg> modem_hl7800: hl7800_rx: HANDLE AT+KGSN=3 (len:21)[0m
[1;32muart:~$ [m[8D[J[00:00:03.915,588] [0m<inf> modem_hl7800: Serial #: 5N026441860910[0m
[1;32muart:~$ [m[8D[J[00:00:03.916,076] [0m<dbg> modem_hl7800: hl7800_rx: HANDLE OK (len:0)[0m
[1;32muart:~$ [m[8D[J[00:00:03.916,198] [0m<dbg> modem_hl7800: send_at_cmd: OUT: [AT+CCID?][0m
[1;32muart:~$ [m[8D[J[00:00:03.980,682] [0m<dbg> modem_hl7800: hl7800_rx: HANDLE +CCID:  (len:52)[0m
[1;32muart:~$ [m[8D[J[00:00:03.980,712] [1;33m<wrn> modem_hl7800: ICCID too long (len:52)[0m
[1;32muart:~$ [m[8D[J[00:00:03.980,773] [0m<inf> modem_hl7800: ICCID: 8944477100000300809,[0m
[1;32muart:~$ [m[8D[J[00:00:03.981,018] [0m<dbg> modem_hl7800: hl7800_rx: HANDLE OK (len:0)[0m
[1;32muart:~$ [m[8D[J[00:00:03.981,109] [0m<dbg> modem_hl7800: send_at_cmd: OUT: [AT+CIMI][0m
[1;32muart:~$ [m[8D[J[00:00:03.984,069] [0m<dbg> modem_hl7800: hl7800_rx: HANDLE AT+CIMI (len:15)[0m
[1;32muart:~$ [m[8D[J[00:00:03.984,100] [0m<dbg> modem_hl7800: wait_for_modem_data: cur:16, exp:17[0m
[1;32muart:~$ [m[8D[J[00:00:04.034,210] [0m<inf> modem_hl7800: IMSI: 234259999370520[0m
[1;32muart:~$ [m[8D[J[00:00:04.034,271] [0m<dbg> modem_hl7800: hl7800_rx: HANDLE OK (len:0)[0m
[1;32muart:~$ [m[8D[J[00:00:04.034,362] [0m<dbg> modem_hl7800: send_at_cmd: OUT: [AT+CGDCONT?][0m
[1;32muart:~$ [m[8D[J[00:00:04.041,870] [0m<dbg> modem_hl7800: hl7800_rx: HANDLE +CGDCONT: 1 (len:47)[0m
[1;32muart:~$ [m[8D[J[00:00:04.041,900] [0m<dbg> modem_hl7800: wait_for_modem_data: cur:48, exp:162[0m
[1;32muart:~$ [m[8D[J[00:00:04.092,010] [0m<dbg> modem_hl7800: wait_for_modem_data: cur:99, exp:162[0m
[1;32muart:~$ [m[8D[J[00:00:04.142,089] [0m<dbg> modem_hl7800: wait_for_modem_data: cur:99, exp:162[0m
[1;32muart:~$ [m[8D[J[00:00:04.192,291] [0m<dbg> modem_hl7800: on_cmd_atcmdinfo_pdp_context: length: 47: ,"IPV4V6","iot.truphone.com",,0,0,0,0,0,,0,,,,,[0m
[1;32muart:~$ [m[8D[J[00:00:04.192,352] [0m<dbg> modem_hl7800: on_cmd_atcmdinfo_pdp_context: PDP address family: IPV4V6[0m
[1;32muart:~$ [m[8D[J[00:00:04.192,382] [0m<inf> modem_hl7800: APN: iot.truphone.com[0m
[1;32muart:~$ [m[8D[J[00:00:04.192,504] [0m<dbg> modem_hl7800: hl7800_rx: UNHANDLED RX
                                       2b 43 47 44 43 4f 4e 54  3a 20 32 2c 22 49 50 56 |+CGDCONT : 2,"IPV
                                       34 56 36 22 2c 2c 2c 30  2c 30 2c 30 2c 30 2c 30 |4V6",,,0 ,0,0,0,0
                                       2c 2c 30 2c 2c 2c 2c 2c                          |,,0,,,,,         [0m
[1;32muart:~$ [m[8D[J[00:00:04.192,596] [0m<dbg> modem_hl7800: hl7800_rx: HANDLE OK (len:0)[0m
[1;32muart:~$ [m[8D[J[00:00:04.192,749] [0m<dbg> modem_hl7800: send_at_cmd: OUT: [AT+KCNXCFG=1,"GPRS","iot.truphone.com",,,"IPV4V6"][0m
[1;32muart:~$ [m[8D[J[00:00:04.208,587] [0m<dbg> modem_hl7800: hl7800_rx: HANDLE OK (len:0)[0m
[1;32muart:~$ [m[8D[J[00:00:04.208,679] [0m<dbg> modem_hl7800: send_at_cmd: OUT: [AT+WPPP?][0m
[1;32muart:~$ [m[8D[J[00:00:04.220,886] [0m<dbg> modem_hl7800: hl7800_rx: UNHANDLED RX
                                       2b 57 50 50 50 3a 20 30  2c 31 2c 22 22 2c 22 22 |+WPPP: 0 ,1,"",""[0m
[1;32muart:~$ [m[8D[J[00:00:04.226,684] [0m<dbg> modem_hl7800: hl7800_rx: UNHANDLED RX
                                       2b 57 50 50 50 3a 20 30  2c 32 2c 22 22 2c 22 22 |+WPPP: 0 ,2,"",""[0m
[1;32muart:~$ [m[8D[J[00:00:04.227,172] [0m<dbg> m*odem_h** Booting Zephyr OS build zephyr-v2.6.0-1591-gfec5a93676aa  ***
7800: hl7800_rx: HANDLE OK (len:0)[0m
[1;32muart:~$ [m[8D[J[00:00:04.227,294] [0m<dbg> modem_hl7800: send_at_cmd: OUT:<inf> <mflt>: Reset Reason, RESETREAS=0x4
<inf> <mflt>: Reset Causes: 
<inf> <mflt>:  Software
<inf> <mflt>: GNU Build ID: 06cf397fca5c82c805dd12bddd378865e37b14e6

MG100 - AWS v6.4.1+1664546618 (v6.4.1)
 [AT+CEREG?][0m
[1;32muart:~$ [m[8D[J[00:00:04.230,560] [0m<dbg> modem_hl7800: hl7800_rx: HANDLE AT+CEREG? (len:11)[0m
[1;32muart:~$ [m[8D[J[00:00:04.230,621] [0m<inf> modem_hl7800: Network State: 0 NOT_REGISTERED[0m
[1;32muart:~$ [m[8D[J[00:00:04.231,079] [0m<dbg> modem_hl7800: hl7800_rx: HANDLE OK (len:0)[0m
[1;32muart:~$ [m[8D[J[00:00:04.231,201] [0m<dbg> modem_hl7800: send_at_cmd: OUT: [AT+CEREG=4][0m
[1;32muart:~$ [m[8D[J[00:00:04.437,408] [0m<inf> lis2dh: LIS3DH: int2 on GPIO_0.28[0m
[1;32muart:~$ [m[8D[J[00:00:04.439,392] [0m<inf> lis2dh: bus=I2C_0 fs=2, odr=0x4 lp_en=0x0 scale=9576[0m
[1;32muart:~$ [m[8D[J[00:00:04.446,319] [1;33m<wrn> wdt: Watchdog timer started with timeout of 300000 ms[0m
[1;32muart:~$ [m[8D[J[00:00:04.446,319] [0m<inf> littlefs: LittleFS version 2.2, disk version 2.0[0m
[1;32muart:~$ [m[8D[J[00:00:04.448,364] [0m<inf> littlefs: FS at MX25R64:0x100000 is 1792 0x1000-byte blocks with 512 cycle[0m
[1;32muart:~$ [m[8D[J[00:00:04.448,394] [0m<inf> littlefs: sizes: rd 16 ; pr 16 ; ca 64 ; la 32[0m
[1;32muart:~$ [m[8D[J[00:00:04.455,474] [0m<inf> littlefs: /lfs mounted[0m
[1;32muart:~$ [m[8D[J[00:00:04.503,997] [0m<inf> fsu: Optimal transfer block size 16[0m
[1;32muart:~$ [m[8D[J[00:00:04.503,997] [0m<inf> fsu: Allocation unit size 4096[0m
[1;32muart:~$ [m[8D[J[00:00:04.504,028] [0m<inf> fsu: Free blocks 1149[0m
[1;32muart:~$ [m[8D[J[00:00:04.509,368] [0m<dbg> attr: attr_init: Attempting to load from: /lfs//attr.txt[0m
[1;32muart:~$ [m[8D[J[00:00:04.530,090] [0m<inf> attr: pairs: 49 fsize: 609 file: /lfs//attr.txt[0m
[1;32muart:~$ [m[8D[J[00:00:04.530,609] [0m<dbg> attr: load_attributes: status 0[0m
[1;32muart:~$ [m[8D[J[00:00:04.537,322] [0m<inf> sdc_hci_driver: SoftDevice Controller build revision: 
                                         3f 47 70 8e 81 95 4e 86  9d d3 a2 95 88 f6 30 0a |?Gp...N. ......0.
                                         7f 53 49 fd                                      |.SI.             [0m
[1;32muart:~$ [m[8D[J[00:00:04.541,412] [1;33m<wrn> ble: Bluetooth init success: 0[0m
[1;32muart:~$ [m[8D[J[00:00:04.541,595] [0m<inf> ble: Bluetooth Address: F1:9B:D3:AC:A1:54 (random) count: 1 status: 0[0m
[1;32muart:~$ [m[8D[J[00:00:04.541,687] [0m<inf> attr: [013] bluetooth_address             'f19bd3aca154'[0m
[1;32muart:~$ [m[8D[J[00:00:04.541,931] [0m<inf> attr: [140] name                          'MG100-3aca154'[0m
[1;32muart:~$ [m[8D[J[00:00:04.562,957] [0m<dbg> control: random_join_handler: min: 1 max: 100 delay: 30[0m
[1;32muart:~$ [m[8D[J[00:00:04.563,079] [0m<inf> control: modem log level: desired: 1 new_level: 1[0m
[1;32muart:~$ [m[8D[J[00:00:04.570,556] [1;31m<err> modem_hl7800: Error code: 3[0m
[1;32muart:~$ [m[8D[J[00:00:04.570,648] [1;31m<err> modem_hl7800: AT+GNSSSTOP result:-5[0m
[1;32muart:~$ [m[8D[J[00:00:04.578,063] [0m<inf> attr: [253] gps_status                    0 Fix Lost Or Not Available[0m
[1;32muart:~$ [m[8D[J[00:00:04.578,613] [0m<inf> sdcard_log: Max log file size = 32 MB[0m
[1;32muart:~$ [m[8D[J[00:00:04.581,878] [1;31m<err> sdcard_log: Storage init error = -5[0m
[1;32muart:~$ [m[8D[J[00:00:04.581,970] [0m<inf> attr: [012] reset_reason                  'SREQ'[0m
[1;32muart:~$ [m[8D[J[00:00:04.588,623] [0m<inf> attr: [014] reset_count                   207 [0m
[1;32muart:~$ [m[8D[J[00:00:04.588,836] [0m<inf> attr: [144] app_type                      'AWS'[0m
[1;32muart:~$ [m[8D[J[00:00:04.589,050] [0m<inf> attr: [011] firmware_version              '6.4.1'[0m
[1;32muart:~$ [m[8D[J[00:00:04.589,263] [0m<inf> attr: [142] board                         'MG100'[0m
[1;32muart:~$ [m[8D[J[00:00:04.593,200] [0m<inf> lis2dh: int2_ths=0x41 range_g=2 ums2=9999999[0m
[1;32muart:~$ [m[8D[J[00:00:04.593,933] [0m<inf> lis2dh: int2_dur=0x6[0m
[1;32muart:~$ [m[8D[J[00:00:04.595,733] [0m<inf> attr: [159] battery_charging_state        5 [0m
[1;32muart:~$ [m[8D[J[00:00:04.596,008] [0m<inf> attr: [075] battery_voltage_mv            4013 [0m
[1;32muart:~$ [m[8D[J[00:00:04.596,221] [0m<inf> attr: [157] battery_capacity              4 [0m
[1;32muart:~$ [m[8D[J[00:00:04.598,724] [0m<inf> single_peripheral: Advertising start status: 0[0m
[1;32muart:~$ [m[8D[J[1;32muart:~$ [m[8D[J[1;32muart:~$ [m[8D[J[00:00:05.559,997] [0m<inf> attr: [158] battery_temperature           33 [0m
[1;32muart:~$ [m[8D[J[00:00:05.652,038] [0m<inf> attr: [155] gateway_state                 17 Modem Init[0m
[1;32muart:~$ [m[8D[J[1;32muart:~$ [m[8D[J[00:00:06.652,343] [0m<inf> attr: [176] gateway_id                    '354616090680666'[0m
[1;32muart:~$ [m[8D[J[00:00:06.652,435] [0m<inf> lte: LTE version int: 4060904[0m
[1;32muart:~$ [m[8D[J[00:00:06.652,618] [0m<inf> attr: [185] lte_version                   'HL7800.4.6.9.4'[0m
[1;32muart:~$ [m[8D[J[00:00:06.652,832] [0m<inf> attr: [183] iccid                         '8944477100000300809,'[0m
[1;32muart:~$ [m[8D[J[00:00:06.653,045] [0m<inf> attr: [184] lte_serial_number             '5N026441860910'[0m
[1;32muart:~$ [m[8D[J[00:00:06.653,289] [0m<inf> attr: [219] imsi                          '234259999370520'[0m
[1;32muart:~$ [m[8D[J[00:00:06.780,334] [0m<inf> attr: [202] lte_operator_index            0 [0m
[1;32muart:~$ [m[8D[J[00:00:06.780,517] [0m<inf> attr: [177] lte_network_state             2 Searching[0m
[1;32muart:~$ [m[8D[J[00:00:06.780,792] [0m<inf> attr: [181] lte_sleep_state               2 Awake[0m
[1;32muart:~$ [m[8D[J[00:00:06.781,127] [0m<inf> attr: [196] apn                           'iot.truphone.com'[0m
[1;32muart:~$ [m[8D[J[00:00:06.781,341] [0m<inf> attr: [197] apn_username                  ''[0m
[1;32muart:~$ [m[8D[J[00:00:06.781,890] [0m<inf> attr: [198] apn_password                  ''[0m
[1;32muart:~$ [m[8D[J[00:00:06.782,043] [0m<inf> lte: LTE version int: 4060904[0m
[1;32muart:~$ [m[8D[J[00:00:06.782,257] [0m<inf> attr: [143] build_id                      '06cf397f'[0m
[1;32muart:~$ [m[8D[J[00:00:06.782,318] [0m<inf> attr: [186] bands                         '0000000000000808189F'[0m
[1;32muart:~$ [m[8D[J[00:00:06.782,531] [0m<inf> attr: [155] gateway_state                 1 Network Init[0m
[1;32muart:~$ [m[8D[J[00:00:06.814,544] [0m<inf> attr: [177] lte_network_state             0 Not Registered[0m
[1;32muart:~$ [m[8D[J[00:00:06.826,507] [0m<inf> attr: [177] lte_network_state             2 Searching[0m
[1;32muart:~$ [m[8D[J[1;32muart:~$ [m[8D[J[1;32muart:~$ [m[8D[J[00:00:07.782,806] [0m<inf> attr: [155] gateway_state                 2 Wait For Network[0m
[1;32muart:~$ [m[8D[J[00:00:07.783,020] [0m<inf> attr: [140] name                          'MG100-0680666'[0m
[1;32muart:~$ [m[8D[J[00:00:07.905,426] [0m<inf> sensor_table: TEMPERATURE event 406 for [0] 'BT510' (e4020fd676a4) RSSI: -79[0m
[1;32muart:~$ [m[8D[J[1;32muart:~$ [m[8D[J[00:00:09.235,626] [0m<inf> attr: [177] lte_network_state             5 Roaming[0m
[1;32muart:~$ [m[8D[J[00:00:09.291,442] [0m<inf> lte: Epoch set to 1664547489[0m
[1;32muart:~$ [m[8D[J[00:00:09.762,939] [0m<inf> attr: [187] active_bands                  '00000000000000000004'[0m
[1;32muart:~$ [m[8D[J[00:00:09.772,949] [0m<inf> attr: [179] lte_rsrp                      -108 [0m
[1;32muart:~$ [m[8D[J[00:00:09.773,223] [0m<inf> attr: [180] lte_sinr                      -6 [0m
[1;32muart:~$ [m[8D[J[1;32muart:~$ [m[8D[J[00:00:14.637,207] [0m<inf> sensor_table: TEMPERATURE event 729 for [1] 'BT510' (cbb365640cbc) RSSI: -84[0m
[1;32muart:~$ [m[8D[J[1;32muart:~$ [m[8D[J[00:00:34.595,794] [0m<inf> attr: [075] battery_voltage_mv            4062 [0m
[1;32muart:~$ [m[8D[J[00:00:34.599,456] [0m<inf> single_peripheral: Advertising stop status: 0[0m
[1;32muart:~$ [m[8D[J[1;32muart:~$ [m[8D[J[00:00:39.784,179] [0m<inf> attr: [180] lte_sinr                      4 [0m
[1;32muart:~$ [m[8D[J[1;32muart:~$ [m[8D[J[00:01:04.595,794] [0m<inf> attr: [075] battery_voltage_mv            4078 [0m
[1;32muart:~$ [m[8D[J[1;32muart:~$ [m[8D[J[00:01:09.795,471] [0m<inf> attr: [179] lte_rsrp                      -109 [0m
[1;32muart:~$ [m[8D[J[00:01:09.795,715] [0m<inf> attr: [180] lte_sinr                      -6 [0m
[1;32muart:~$ [m[8D[J[1;32muart:~$ [m<dbg> <mflt>: Response Complete: Parse Status 0 HTTP Status 202!
<dbg> <mflt>: Body: Accepted
<dbg> <mflt>: No more data to send
[8D[J[00:01:24.232,574] [0m<inf> attr: [155] gateway_state                 3 Network Connected[0m
[1;32muart:~$ [m[8D[J[00:01:24.232,818] [0m<inf> attr: [155] gateway_state                 6 Wait For Commission[0m
[1;32muart:~$ [m[8D[J[00:01:25.246,887] [0m<inf> certs: Load Root CA: 1188[0m
[1;32muart:~$ [m[8D[J[00:01:25.259,216] [0m<inf> certs: Load Client Cert: 1221[0m
[1;32muart:~$ [m[8D[J[00:01:25.271,697] [0m<inf> certs: Load Key: 1676[0m
[1;32muart:~$ [m[8D[J[00:01:25.271,850] [0m<inf> attr: [155] gateway_state                 7 Resolve Server[0m
[1;32muart:~$ [m[8D[J[1;32muart:~$ [m[8D[J[00:01:26.597,991] [0m<inf> attr: [155] gateway_state                 8 Wait Before Cloud Connect[0m
[1;32muart:~$ [m[8D[J[1;32muart:~$ [m[8D[J[00:01:34.595,794] [0m<inf> attr: [075] battery_voltage_mv            4086 [0m
[1;32muart:~$ [m[8D[J[00:01:35.562,286] [0m<inf> attr: [158] battery_temperature           32 [0m
[1;32muart:~$ [m[8D[J[1;32muart:~$ [m[8D[J[00:01:39.806,488] [0m<inf> attr: [180] lte_sinr                      5 [0m
[1;32muart:~$ [m[8D[J[1;32muart:~$ [m[8D[J[00:01:56.599,700] [0m<inf> attr: [155] gateway_state                 16 Cloud Connecting[0m
[1;32muart:~$ [m[8D[J[00:01:56.600,097] [0m<inf> aws: Attempting to connect mg100_354616090680666_5491a506 to AWS...[0m
[1;32muart:~$ [m[8D[J[1;32muart:~$ [m[8D[J[00:02:04.595,794] [0m<inf> attr: [075] battery_voltage_mv            4089 [0m
[1;32muart:~$ [m[8D[J[1;32muart:~$ [m[8D[J[00:02:08.544,311] [0m<inf> aws: MQTT client connected![0m
[1;32muart:~$ [m[8D[J[00:02:09.544,494] [0m<inf> attr: [155] gateway_state                 9 Cloud Connected[0m
[1;32muart:~$ [m[8D[J[1;32muart:~$ [m[8D[J[00:02:09.885,742] [0m<inf> attr: [179] lte_rsrp                      -107 [0m
[1;32muart:~$ [m[8D[J[00:02:09.885,986] [0m<inf> attr: [180] lte_sinr                      -6 [0m
[1;32muart:~$ [m[8D[J[00:02:10.532,684] [0m<inf> aws: Sent persistent shadow data[0m
[1;32muart:~$ [m[8D[J[00:02:10.535,064] [0m<inf> sdcard_log: Current Log Size = -1 MB[0m
[1;32muart:~$ [m[8D[J[00:02:10.535,095] [0m<inf> sdcard_log: Free Space = -1 MB[0m
[1;32muart:~$ [m[8D[J[1;32muart:~$ [m[8D[J[00:02:19.041,015] [0m<inf> aws: MQTT RXd ID: 1
 	Topic: $aws/things/deviceId-354616090680666/shadow/get/accepted len: 3161[0m
[1;32muart:~$ [m[8D[J[00:02:19.042,999] [0m<inf> sensor_gateway_parser: Processed 3 of 3 sensors in desired list from AWS[0m
[1;32muart:~$ [m[8D[J[1;32muart:~$ [m[8D[J[00:02:20.693,450] [0m<inf> aws: MQTT RXd ID: 2
 	Topic: $aws/things/deviceId-354616090680666/shadow/get/accepted len: 3161[0m
[1;32muart:~$ [m[8D[J[00:02:20.695,312] [0m<inf> sensor_gateway_parser: Processed 3 of 3 sensors in desired list from AWS[0m
[1;32muart:~$ [m[8D[J[00:02:20.730,712] [0m<dbg> http_fota_shadow: fota_shadow_handler: Update FOTA shadow[0m
[1;32muart:~$ [m[8D[J[1;32muart:~$ [m[8D[J[00:02:22.797,424] [0m<dbg> http_fota_shadow: fota_null_desired_handler: Set app FOTA desired null[0m
[1;32muart:~$ [m[8D[J[1;32muart:~$ [m[8D[J[00:02:23.890,106] [0m<inf> aws: MQTT RXd ID: 3
 	Topic: $aws/things/deviceId-354616090680666/shadow/get/accepted len: 3161[0m
[1;32muart:~$ [m[8D[J[00:02:23.891,998] [0m<inf> sensor_gateway_parser: Processed 3 of 3 sensors in desired list from AWS[0m
[1;32muart:~$ [m[8D[J[00:02:23.893,463] [0m<dbg> http_fota_shadow: fota_null_desired_handler: Set hl7800 FOTA desired null[0m
[1;32muart:~$ [m[8D[J[1;32muart:~$ [m[8D[J[00:02:34.595,855] [0m<inf> attr: [075] battery_voltage_mv            4092 [0m
[1;32muart:~$ [m[8D[J[00:02:35.563,873] [0m<inf> attr: [158] battery_temperature           33 [0m
[1;32muart:~$ [m[8D[J[1;32muart:~$ [m[8D[J[00:02:39.896,911] [0m<inf> attr: [179] lte_rsrp                      -109 [0m
[1;32muart:~$ [m[8D[J[00:02:39.897,186] [0m<inf> attr: [180] lte_sinr                      -7 [0m
[1;32muart:~$ [m[8D[J[00:02:40.486,541] [0m<inf> aws: MQTT RXd ID: 1
 	Topic: $aws/things/e4020fd676a4/shadow/get/accepted len: 6870[0m
[1;32muart:~$ [m[8D[J[00:02:40.490,844] [0m<inf> sensor_gateway_parser: Processed 30 of 30 sensor events in shadow[0m
[1;32muart:~$ [m[8D[J[1;32muart:~$ [m[8D[J[00:02:41.628,387] [1;33m<wrn> sensor_table: State request for 'BT510'[0m
[1;32muart:~$ [m[8D[J[00:02:41.628,417] [1;33m<wrn> sensor_table: State request for 'BT510'[0m
[1;32muart:~$ [m[8D[J[00:02:41.737,121] [0m<inf> sensor_task: Connection Request (1): 'BT510' (e4020fd676a4) 20009d38-0[0m
[1;32muart:~$ [m[8D[J[1;32muart:~$ [m[8D[J[00:02:44.991,912] [0m<inf> sensor_task: security level: 3 status: SUCCESS[0m
[1;32muart:~$ [m[8D[J[1;32muart:~$ [m[8D[J[00:02:49.719,268] [0m<inf> aws: MQTT RXd ID: 2
 	Topic: $aws/things/e4020fd676a4/shadow/get/accepted len: 6870[0m
[1;32muart:~$ [m[8D[J[00:02:49.724,639] [0m<inf> sensor_gateway_parser: Processed 30 of 30 sensor events in shadow[0m
[1;32muart:~$ [m[8D[J[00:02:50.697,631] [0m<inf> sensor_task: Disconnect Request: 0 Reason: Config Cycle Complete[0m
[1;32muart:~$ [m[8D[J[1;32muart:~$ [m[8D[J[00:02:50.992,614] [0m<inf> sensor_task: 'BT510' configured[0m
[1;32muart:~$ [m[8D[J[1;32muart:~$ [m[8D[J[00:02:53.524,536] [0m<inf> sensor_task: Connection Request (1): 'BT510' (cbb365640cbc) 20009d38-0[0m
[1;32muart:~$ [m[8D[J[1;32muart:~$ [m[8D[J[00:02:55.096,099] [0m<inf> aws: MQTT RXd ID: 3
 	Topic: $aws/things/e4020fd676a4/shadow/get/accepted len: 6870[0m
[1;32muart:~$ [m[8D[J[00:02:55.100,280] [0m<inf> sensor_gateway_parser: Processed 30 of 30 sensor events in shadow[0m
[1;32muart:~$ [m[8D[J[1;32muart:~$ [m[8D[J[00:02:57.457,427] [0m<inf> sensor_task: security level: 3 status: SUCCESS[0m
[1;32muart:~$ [m[8D[J[1;32muart:~$ [m[8D[J[00:02:58.791,015] [0m<inf> aws: MQTT RXd ID: 1
 	Topic: $aws/things/cbb365640cbc/shadow/get/accepted len: 6476[0m
[1;32muart:~$ [m[8D[J[00:02:58.795,562] [0m<inf> sensor_gateway_parser: Processed 30 of 30 sensor events in shadow[0m
[1;32muart:~$ [m[8D[J[1;32muart:~$ [m[8D[J[00:03:00.778,747] [0m<inf> aws: MQTT RXd ID: 4
 	Topic: $aws/things/cbb365640cbc/shadow/get/accepted len: 6476[0m
[1;32muart:~$ [m[8D[J[00:03:00.783,355] [0m<inf> sensor_gateway_parser: Processed 30 of 30 sensor events in shadow[0m
[1;32muart:~$ [m[8D[J[1;32muart:~$ [m[8D[J[00:03:02.918,487] [0m<inf> aws: MQTT RXd ID: 5
 	Topic: $aws/things/cbb365640cbc/shadow/get/accepted len: 6476[0m
[1;32muart:~$ [m[8D[J[00:03:02.922,485] [0m<inf> sensor_gateway_parser: Processed 30 of 30 sensor events in shadow[0m
[1;32muart:~$ [m[8D[J[00:03:03.088,134] [0m<inf> sensor_task: Disconnect Request: 0 Reason: Config Cycle Complete[0m
[1;32muart:~$ [m[8D[J[00:03:03.458,129] [0m<inf> sensor_task: 'BT510' configured[0m
[1;32muart:~$ [m[8D[J[1;32muart:~$ [m[8D[J[00:03:04.595,794] [0m<inf> attr: [075] battery_voltage_mv            4095 [0m
[1;32muart:~$ [m[8D[J[00:03:05.564,758] [0m<inf> attr: [158] battery_temperature           32 [0m
[1;32muart:~$ [m[8D[J[1;32muart:~$ [m[8D[J[00:03:09.761,840] [0m<inf> aws: MQTT RXd ID: 2
 	Topic: $aws/things/cbb365640cbc/shadow/get/accepted len: 6476[0m
[1;32muart:~$ [m[8D[J[00:03:09.766,235] [0m<inf> sensor_gateway_parser: Processed 30 of 30 sensor events in shadow[0m
[1;32muart:~$ [m[8D[J[1;32muart:~$ [m[8D[J[00:03:12.026,885] [0m<inf> attr: [179] lte_rsrp                      -107 [0m
[1;32muart:~$ [m[8D[J[00:03:12.027,160] [0m<inf> attr: [180] lte_sinr                      -2 [0m
[1;32muart:~$ [m[8D[J[1;32muart:~$ [m[8D[J[00:03:13.706,512] [0m<inf> aws: MQTT RXd ID: 6
 	Topic: $aws/things/cbb365640cbc/shadow/get/accepted len: 6476[0m
[1;32muart:~$ [m[8D[J[00:03:13.710,815] [0m<inf> sensor_gateway_parser: Processed 30 of 30 sensor events in shadow[0m
[1;32muart:~$ [m[8D[J[1;32muart:~$ [m[8D[J[00:03:15.256,988] [0m<inf> aws: MQTT RXd ID: 3
 	Topic: $aws/things/cbb365640cbc/shadow/get/accepted len: 6476[0m
[1;32muart:~$ [m[8D[J[00:03:15.260,986] [0m<inf> sensor_gateway_parser: Processed 30 of 30 sensor events in shadow[0m
[1;32muart:~$ [m[8D[J[1;32muart:~$ [m[8D[J[00:03:34.595,794] [0m<inf> attr: [075] battery_voltage_mv            4096 [0m
[1;32muart:~$ [m[8D[J[00:03:35.565,643] [0m<inf> attr: [158] battery_temperature           33 [0m
[1;32muart:~$ [m[8D[J[1;32muart:~$ [m[8D[J[00:03:42.037,933] [0m<inf> attr: [179] lte_rsrp                      -109 [0m
[1;32muart:~$ [m[8D[J[00:03:42.038,208] [0m<inf> attr: [180] lte_sinr                      4 [0m
[1;32muart:~$ [m[8D[J[1;32muart:~$ [m[8D[J[00:04:04.595,794] [0m<inf> attr: [075] battery_voltage_mv            4098 [0m
[1;32muart:~$ [m[8D[J[1;32muart:~$ [m[8D[J[00:04:11.584,197] [0m<inf> sdcard_log: Current Log Size = -1 MB[0m
[1;32muart:~$ [m[8D[J[00:04:11.584,197] [0m<inf> sdcard_log: Free Space = -1 MB[0m
[1;32muart:~$ [m[8D[J[00:04:12.525,695] [0m<inf> attr: [179] lte_rsrp                      -108 [0m
[1;32muart:~$ [m[8D[J[00:04:12.525,939] [0m<inf> attr: [180] lte_sinr                      -3 [0m
[1;32muart:~$ [m[8D[J[1;32muart:~$ [m[8D[J[00:04:34.595,794] [0m<inf> attr: [075] battery_voltage_mv            4099 [0m
[1;32muart:~$ [m[8D[J[00:04:35.567,230] [0m<inf> attr: [158] battery_temperature           32 [0m
[1;32muart:~$ [m[8D[J[1;32muart:~$ [m[8D[J[00:04:42.536,743] [0m<inf> attr: [180] lte_sinr                      7 [0m
[1;32muart:~$ [m[8D[J[1;32muart:~$ [m[8D[J[00:05:05.568,115] [0m<inf> attr: [158] battery_temperature           33 [0m
[1;32muart:~$ [m[8D[J[1;32muart:~$ [m[8D[J[00:05:12.547,088] [0m<inf> attr: [179] lte_rsrp                      -109 [0m
[1;32muart:~$ [m[8D[J[00:05:12.547,332] [0m<inf> attr: [180] lte_sinr                      5 [0m
[1;32muart:~$ [m[8D[J[1;32muart:~$ [m[8D[J[00:05:34.595,794] [0m<inf> attr: [075] battery_voltage_mv            4100 [0m
[1;32muart:~$ [m[8D[J[1;32muart:~$ [m[8D[J[00:05:52.468,170] [0m<inf> lte: Epoch set to 1664547832[0m
[1;32muart:~$ [m[8D[J[00:05:52.949,584] [0m<inf> attr: [179] lte_rsrp                      -112 [0m
[1;32muart:~$ [m[8D[J[00:05:52.949,859] [0m<inf> attr: [180] lte_sinr                      4 [0m
[1;32muart:~$ [m[8D[J[1;32muart:~$ [m[8D[J[00:05:57.383,819] [0m<inf> lte: Epoch set to 1664547837[0m
[1;32muart:~$ [m[8D[J[00:05:57.865,234] [0m<inf> attr: [179] lte_rsrp                      -113 [0m
[1;32muart:~$ [m[8D[J[00:05:57.865,509] [0m<inf> attr: [180] lte_sinr                      -1 [0m
[1;32muart:~$ [m[8D[J[1;32muart:~$ [m[8D[J[00:06:04.595,794] [0m<inf> attr: [075] battery_voltage_mv            4101 [0m
[1;32muart:~$ [m[8D[J[1;32muart:~$ [m[8D[J[00:06:13.185,424] [0m<inf> sdcard_log: Current Log Size = -1 MB[0m
[1;32muart:~$ [m[8D[J[00:06:13.185,424] [0m<inf> sdcard_log: Free Space = -1 MB[0m
[1;32muart:~$ [m[8D[J[1;32muart:~$ [m[8D[J[00:06:27.876,190] [0m<inf> attr: [179] lte_rsrp                      -106 [0m
[1;32muart:~$ [m[8D[J[00:06:27.876,464] [0m<inf> attr: [180] lte_sinr                      3 [0m
[1;32muart:~$ [m[8D[J[1;32muart:~$ [m[8D[J[00:06:35.570,404] [0m<inf> attr: [158] battery_temperature           32 [0m
[1;32muart:~$ [m[8D[J[1;32muart:~$ [m[8D[J[00:06:57.887,390] [0m<inf> attr: [179] lte_rsrp                      -105 [0m
[1;32muart:~$ [m[8D[J[00:06:57.887,634] [0m<inf> attr: [180] lte_sinr                      4 [0m
[1;32muart:~$ [m[8D[J[1;32muart:~$ [m[8D[J[00:07:22.852,478] [0m<inf> sensor_table: TEMPERATURE event 730 for [1] 'BT510' (cbb365640cbc) RSSI: -84[0m
[1;32muart:~$ [m[8D[J[1;32muart:~$ [m[8D[J[00:07:27.898,590] [0m<inf> attr: [179] lte_rsrp                      -106 [0m
[1;32muart:~$ [m[8D[J[00:07:27.898,956] [0m<inf> attr: [180] lte_sinr                      -4 [0m
[1;32muart:~$ [m[8D[J[1;32muart:~$ [m[8D[J[00:07:34.595,794] [0m<inf> attr: [075] battery_voltage_mv            4102 [0m
[1;32muart:~$ [m[8D[J[00:07:35.571,990] [0m<inf> attr: [158] battery_temperature           33 [0m
[1;32muart:~$ [m[8D[J[1;32muart:~$ [m[8D[J[00:07:50.570,678] [0m<inf> sensor_table: TEMPERATURE event 407 for [0] 'BT510' (e4020fd676a4) RSSI: -79[0m
[1;32muart:~$ [m[8D[J[1;32muart:~$ [m[8D[J[00:07:57.911,132] [0m<inf> attr: [180] lte_sinr                      -3 [0m
[1;32muart:~$ [m[8D[J[1;32muart:~$ [m[8D[J[00:08:05.572,875] [0m<inf> attr: [158] battery_temperature           32 [0m
[1;32muart:~$ [m[8D[J[1;32muart:~$ [m[8D[J[00:08:15.078,063] [0m<inf> sdcard_log: Current Log Size = -1 MB[0m
[1;32muart:~$ [m[8D[J[00:08:15.078,063] [0m<inf> sdcard_log: Free Space = -1 MB[0m
[1;32muart:~$ [m[8D[J[1;32muart:~$ [m[8D[J[00:08:27.922,027] [0m<inf> attr: [179] lte_rsrp                      -109 [0m
[1;32muart:~$ [m[8D[J[00:08:27.922,302] [0m<inf> attr: [180] lte_sinr                      6 [0m
[1;32muart:~$ [m[8D[J[1;32muart:~$ [m[8D[J[00:08:57.932,739] [0m<inf> attr: [179] lte_rsrp                      -107 [0m
[1;32muart:~$ [m[8D[J[00:08:57.932,983] [0m<inf> attr: [180] lte_sinr                      5 [0m
[1;32muart:~$ [m[8D[J[1;32muart:~$ [m[8D[J[00:09:27.943,298] [0m<inf> attr: [179] lte_rsrp                      -108 [0m
[1;32muart:~$ [m[8D[J[1;32muart:~$ [m[8D[J[00:09:57.954,162] [0m<inf> attr: [179] lte_rsrp                      -109 [0m
[1;32muart:~$ [m[8D[J[00:09:57.954,406] [0m<inf> attr: [180] lte_sinr                      8 [0m
[1;32muart:~$ [m[8D[J[1;32muart:~$ [m[8D[J[00:10:17.274,200] [0m<inf> sdcard_log: Current Log Size = -1 MB[0m
[1;32muart:~$ [m[8D[J[00:10:17.274,200] [0m<inf> sdcard_log: Free Space = -1 MB[0m
[1;32muart:~$ [m[8D[J[1;32muart:~$ [m[8D[J[00:10:27.965,332] [0m<inf> attr: [180] lte_sinr                      7 [0m
[1;32muart:~$ [m[8D[J[1;32muart:~$ [m[8D[J[00:10:57.975,769] [0m<inf> attr: [180] lte_sinr                      6 [0m
[1;32muart:~$ [m[8D[J[1;32muart:~$ [m[8D[J[00:11:04.595,794] [0m<inf> attr: [075] battery_voltage_mv            4103 [0m
[1;32muart:~$ [m[8D[J[1;32muart:~$ [m[8D[J[00:11:27.986,175] [0m<inf> attr: [180] lte_sinr                      4 [0m
[1;32muart:~$ [m[8D[J[1;32muart:~$ [m[8D[J[00:11:57.996,551] [0m<inf> attr: [180] lte_sinr                      5 [0m
[1;32muart:~$ [m[8D[J[1;32muart:~$ [m[8D[J[00:12:18.566,345] [0m<inf> sdcard_log: Current Log Size = -1 MB[0m
[1;32muart:~$ [m[8D[J[00:12:18.566,345] [0m<inf> sdcard_log: Free Space = -1 MB[0m
[1;32muart:~$ [m[8D[J[1;32muart:~$ [m[8D[J[00:12:28.007,324] [0m<inf> attr: [179] lte_rsrp                      -111 [0m
[1;32muart:~$ [m[8D[J[00:12:28.007,568] [0m<inf> attr: [180] lte_sinr                      4 [0m
[1;32muart:~$ [m[8D[J[1;32muart:~$ [m[8D[J[00:12:58.017,822] [0m<inf> attr: [180] lte_sinr                      3 [0m
[1;32muart:~$ [m[8D[J[1;32muart:~$ [m[8D[J[00:13:58.039,489] [0m<inf> attr: [179] lte_rsrp                      -110 [0m
[1;32muart:~$ [m[8D[J[00:13:58.039,764] [0m<inf> attr: [180] lte_sinr                      2 [0m
[1;32muart:~$ [m[8D[J[1;32muart:~$ [m[8D[J[00:14:19.857,513] [0m<inf> sdcard_log: Current Log Size = -1 MB[0m
[1;32muart:~$ [m[8D[J[00:14:19.857,513] [0m<inf> sdcard_log: Free Space = -1 MB[0m
[1;32muart:~$ [m[8D[J[1;32muart:~$ [m[8D[J[00:14:28.050,659] [0m<inf> attr: [179] lte_rsrp                      -109 [0m
[1;32muart:~$ [m[8D[J[00:14:28.050,933] [0m<inf> attr: [180] lte_sinr                      1 [0m
[1;32muart:~$ [m[8D[J[1;32muart:~$ [m