[ info]: --------------------------------------------------------------------------------
[ info]: nrfjprog --log 
[ info]: nrfjprog version 10.17.3 external
[ info]: --------------------------------------------------------------------------------
[ info]: Load library at /opt/nrf-command-line-tools/lib/libnrfjprogdll.so.
[ info]: Library loaded, loading member functions.
[ info]: Member functions succesfully loaded.
[debug]: [ Client] - open
[debug]: [ Client] - start
[ info]: [ Client] - stdout: Jlinkarm nRF Worker ready. Handling sequence 6da83661-2722-4161-87c9-8bfb2b4704e0.
[debug]: [SeggerBackend] - Logger sink registered in Segger backend logger
[debug]: [  JLink] - Logger sink registered in JLink logger
[debug]: [  nRFXX] - open
[debug]: [  nRFXX] - just_check_family
[debug]: [SeggerBackend] - open_dll
[debug]: [SeggerBackend] - No J-Link DLL path was provided. Attempting to auto detect.
[ info]: [SeggerBackend] - Load library at /opt/SEGGER/JLink/libjlinkarm.so.
[trace]: [ Client] - Command open executed for 2 milliseconds with result 0
[debug]: [ Client] - config
[trace]: [ Client] - Command config executed for 1 milliseconds with result 0
[debug]: [ Client] - enum_emu_snr
[ info]: [SeggerBackend] - Library loaded, loading member functions.
[ info]: [SeggerBackend] - Member functions succesfully loaded.
[debug]: [SeggerBackend] - Set batch mode
[debug]: [SeggerBackend] - dll_version
[ info]: [SeggerBackend] - Segger dll version 7.70.c loaded.
[trace]: [ Worker] - Command open executed for 1 milliseconds with result 0
[debug]: [  nRFXX] - config
[trace]: [ Worker] - Command config executed for 1 milliseconds with result 0

[debug]: [  nRFXX] - enum_emu_con_info

[debug]: [SeggerBackend] - is_connected_to_emu

[debug]: [SeggerBackend] - enum_emu_con_info

[trace]: [ Client] - Command enum_emu_con_info executed for 130 milliseconds with result 0
[debug]: [SeggerBackend] - is_connected_to_emu

[trace]: [ Worker] - Command enum_emu_con_info executed for 130 milliseconds with result 0

[debug]: [  nRFXX] - close

[debug]: [SeggerBackend] - is_connected_to_emu

[debug]: [SeggerBackend] - close

[debug]: [SeggerBackend] - disconnect_from_emu

[debug]: [SeggerBackend] - is_connected_to_emu

[debug]: [SeggerBackend] - Segger Backend closed.

[debug]: [  nRFXX] - nRF family DLL closed

[trace]: [ Client] - Command close executed for 10 milliseconds with result 0
[debug]: [ Client] - terminate
[trace]: [ Client] - Command terminate executed for 0 milliseconds with result 0
[trace]: [ Worker] - Command close executed for 10 milliseconds with result 0

[trace]: [ Worker] - Command terminate executed for 0 milliseconds with result 0

[trace]: [ Worker] - Executed 5 commands for 142 milliseconds

[debug]: [ Client] - Worker process exited with code: 0
[debug]: [ Client] - Worker process exited with code: 0
[debug]: [ Client] - Tried to wait on already ended process: wait error: No child processes
[debug]: [ Client] - Child process terminated with result 0
[trace]: [ Client] - Executed 5 commands for 143 milliseconds
[debug]: [ Client] - terminate
